{"/home/aasinka/учебка/2 курс/окр/lab_5/lab_5/src/getJson.js": {"path":"/home/aasinka/учебка/2 курс/окр/lab_5/lab_5/src/getJson.js","statementMap":{"0":{"start":{"line":1,"column":13},"end":{"line":1,"column":70}},"1":{"start":{"line":2,"column":14},"end":{"line":2,"column":72}},"2":{"start":{"line":4,"column":30},"end":{"line":4,"column":59}},"3":{"start":{"line":5,"column":32},"end":{"line":5,"column":62}},"4":{"start":{"line":6,"column":29},"end":{"line":6,"column":56}},"5":{"start":{"line":7,"column":35},"end":{"line":7,"column":68}},"6":{"start":{"line":10,"column":4},"end":{"line":10,"column":54}},"7":{"start":{"line":10,"column":38},"end":{"line":10,"column":52}}},"fnMap":{"0":{"name":"getContent","decl":{"start":{"line":9,"column":9},"end":{"line":9,"column":19}},"loc":{"start":{"line":9,"column":25},"end":{"line":11,"column":1}},"line":9},"1":{"name":"(anonymous_1)","decl":{"start":{"line":10,"column":27},"end":{"line":10,"column":28}},"loc":{"start":{"line":10,"column":38},"end":{"line":10,"column":52}},"line":10}},"branchMap":{},"s":{"0":6,"1":6,"2":6,"3":6,"4":6,"5":6,"6":24,"7":24},"f":{"0":24,"1":24},"b":{},"_coverageSchema":"1a1c01bbd47fc00a2c39e90264f33305004495a9","hash":"1a153ec0a855febea4a4fa2807b1b96a0389d9e6"}
,"/home/aasinka/учебка/2 курс/окр/lab_5/lab_5/src/views/action.js": {"path":"/home/aasinka/учебка/2 курс/окр/lab_5/lab_5/src/views/action.js","statementMap":{"0":{"start":{"line":6,"column":1},"end":{"line":32,"column":3}},"1":{"start":{"line":7,"column":2},"end":{"line":31,"column":3}},"2":{"start":{"line":8,"column":6},"end":{"line":28,"column":7}},"3":{"start":{"line":10,"column":7},"end":{"line":27,"column":9}},"4":{"start":{"line":29,"column":7},"end":{"line":30,"column":40}}},"fnMap":{"0":{"name":"fillAction","decl":{"start":{"line":5,"column":10},"end":{"line":5,"column":20}},"loc":{"start":{"line":5,"column":22},"end":{"line":33,"column":1}},"line":5},"1":{"name":"(anonymous_1)","decl":{"start":{"line":6,"column":21},"end":{"line":6,"column":22}},"loc":{"start":{"line":6,"column":33},"end":{"line":32,"column":2}},"line":6}},"branchMap":{"0":{"loc":{"start":{"line":7,"column":2},"end":{"line":31,"column":3}},"type":"if","locations":[{"start":{"line":7,"column":2},"end":{"line":31,"column":3}},{"start":{"line":7,"column":2},"end":{"line":31,"column":3}}],"line":7}},"s":{"0":1,"1":0,"2":0,"3":0,"4":0},"f":{"0":1,"1":0},"b":{"0":[0,0]},"_coverageSchema":"1a1c01bbd47fc00a2c39e90264f33305004495a9","hash":"26fa03f028f1e3af079d82dddcc91be7b1827d33"}
,"/home/aasinka/учебка/2 курс/окр/lab_5/lab_5/src/views/basket.js": {"path":"/home/aasinka/учебка/2 курс/окр/lab_5/lab_5/src/views/basket.js","statementMap":{"0":{"start":{"line":4,"column":25},"end":{"line":26,"column":1}},"1":{"start":{"line":6,"column":13},"end":{"line":6,"column":14}},"2":{"start":{"line":7,"column":12},"end":{"line":7,"column":13}},"3":{"start":{"line":8,"column":12},"end":{"line":8,"column":37}},"4":{"start":{"line":9,"column":3},"end":{"line":25,"column":3}},"5":{"start":{"line":10,"column":2},"end":{"line":22,"column":3}},"6":{"start":{"line":11,"column":3},"end":{"line":21,"column":4}},"7":{"start":{"line":12,"column":14},"end":{"line":12,"column":39}},"8":{"start":{"line":13,"column":6},"end":{"line":13,"column":31}},"9":{"start":{"line":14,"column":7},"end":{"line":20,"column":8}},"10":{"start":{"line":15,"column":8},"end":{"line":19,"column":9}},"11":{"start":{"line":16,"column":9},"end":{"line":18,"column":10}},"12":{"start":{"line":16,"column":21},"end":{"line":16,"column":22}},"13":{"start":{"line":17,"column":10},"end":{"line":17,"column":44}},"14":{"start":{"line":23,"column":2},"end":{"line":23,"column":32}},"15":{"start":{"line":24,"column":2},"end":{"line":24,"column":26}},"16":{"start":{"line":29,"column":26},"end":{"line":47,"column":1}},"17":{"start":{"line":30,"column":2},"end":{"line":30,"column":25}},"18":{"start":{"line":30,"column":16},"end":{"line":30,"column":25}},"19":{"start":{"line":31,"column":2},"end":{"line":31,"column":25}},"20":{"start":{"line":31,"column":16},"end":{"line":31,"column":25}},"21":{"start":{"line":32,"column":2},"end":{"line":32,"column":24}},"22":{"start":{"line":32,"column":16},"end":{"line":32,"column":24}},"23":{"start":{"line":33,"column":13},"end":{"line":33,"column":15}},"24":{"start":{"line":34,"column":2},"end":{"line":40,"column":3}},"25":{"start":{"line":35,"column":12},"end":{"line":35,"column":43}},"26":{"start":{"line":36,"column":3},"end":{"line":36,"column":35}},"27":{"start":{"line":39,"column":3},"end":{"line":39,"column":35}},"28":{"start":{"line":41,"column":14},"end":{"line":41,"column":15}},"29":{"start":{"line":42,"column":14},"end":{"line":42,"column":16}},"30":{"start":{"line":43,"column":13},"end":{"line":43,"column":14}},"31":{"start":{"line":44,"column":10},"end":{"line":44,"column":11}},"32":{"start":{"line":45,"column":13},"end":{"line":45,"column":38}},"33":{"start":{"line":46,"column":2},"end":{"line":46,"column":14}},"34":{"start":{"line":49,"column":22},"end":{"line":84,"column":1}},"35":{"start":{"line":52,"column":1},"end":{"line":82,"column":3}},"36":{"start":{"line":53,"column":2},"end":{"line":66,"column":3}},"37":{"start":{"line":53,"column":15},"end":{"line":53,"column":16}},"38":{"start":{"line":54,"column":3},"end":{"line":65,"column":4}},"39":{"start":{"line":55,"column":15},"end":{"line":55,"column":69}},"40":{"start":{"line":56,"column":4},"end":{"line":56,"column":13}},"41":{"start":{"line":57,"column":17},"end":{"line":57,"column":19}},"42":{"start":{"line":59,"column":4},"end":{"line":61,"column":5}},"43":{"start":{"line":59,"column":16},"end":{"line":59,"column":17}},"44":{"start":{"line":60,"column":6},"end":{"line":60,"column":33}},"45":{"start":{"line":62,"column":4},"end":{"line":62,"column":34}},"46":{"start":{"line":63,"column":4},"end":{"line":63,"column":34}},"47":{"start":{"line":64,"column":4},"end":{"line":64,"column":13}},"48":{"start":{"line":68,"column":17},"end":{"line":68,"column":18}},"49":{"start":{"line":69,"column":4},"end":{"line":80,"column":8}},"50":{"start":{"line":70,"column":10},"end":{"line":79,"column":11}},"51":{"start":{"line":71,"column":14},"end":{"line":78,"column":15}},"52":{"start":{"line":72,"column":15},"end":{"line":77,"column":16}},"53":{"start":{"line":73,"column":16},"end":{"line":73,"column":23}},"54":{"start":{"line":74,"column":16},"end":{"line":74,"column":47}},"55":{"start":{"line":75,"column":16},"end":{"line":75,"column":46}},"56":{"start":{"line":76,"column":16},"end":{"line":76,"column":25}},"57":{"start":{"line":87,"column":26},"end":{"line":96,"column":1}},"58":{"start":{"line":88,"column":14},"end":{"line":88,"column":24}},"59":{"start":{"line":89,"column":2},"end":{"line":92,"column":59}},"60":{"start":{"line":90,"column":3},"end":{"line":90,"column":60}},"61":{"start":{"line":92,"column":7},"end":{"line":92,"column":59}},"62":{"start":{"line":93,"column":2},"end":{"line":93,"column":58}},"63":{"start":{"line":94,"column":2},"end":{"line":94,"column":51}}},"fnMap":{"0":{"name":"(anonymous_0)","decl":{"start":{"line":4,"column":25},"end":{"line":4,"column":26}},"loc":{"start":{"line":4,"column":30},"end":{"line":26,"column":1}},"line":4},"1":{"name":"(anonymous_1)","decl":{"start":{"line":9,"column":22},"end":{"line":9,"column":23}},"loc":{"start":{"line":9,"column":33},"end":{"line":25,"column":2}},"line":9},"2":{"name":"(anonymous_2)","decl":{"start":{"line":29,"column":26},"end":{"line":29,"column":27}},"loc":{"start":{"line":29,"column":48},"end":{"line":47,"column":1}},"line":29},"3":{"name":"(anonymous_3)","decl":{"start":{"line":49,"column":22},"end":{"line":49,"column":23}},"loc":{"start":{"line":49,"column":42},"end":{"line":84,"column":1}},"line":49},"4":{"name":"(anonymous_4)","decl":{"start":{"line":69,"column":23},"end":{"line":69,"column":24}},"loc":{"start":{"line":69,"column":34},"end":{"line":80,"column":7}},"line":69},"5":{"name":"(anonymous_5)","decl":{"start":{"line":87,"column":26},"end":{"line":87,"column":27}},"loc":{"start":{"line":87,"column":42},"end":{"line":96,"column":1}},"line":87}},"branchMap":{"0":{"loc":{"start":{"line":10,"column":2},"end":{"line":22,"column":3}},"type":"if","locations":[{"start":{"line":10,"column":2},"end":{"line":22,"column":3}},{"start":{"line":10,"column":2},"end":{"line":22,"column":3}}],"line":10},"1":{"loc":{"start":{"line":15,"column":8},"end":{"line":19,"column":9}},"type":"if","locations":[{"start":{"line":15,"column":8},"end":{"line":19,"column":9}},{"start":{"line":15,"column":8},"end":{"line":19,"column":9}}],"line":15},"2":{"loc":{"start":{"line":30,"column":2},"end":{"line":30,"column":25}},"type":"if","locations":[{"start":{"line":30,"column":2},"end":{"line":30,"column":25}},{"start":{"line":30,"column":2},"end":{"line":30,"column":25}}],"line":30},"3":{"loc":{"start":{"line":31,"column":2},"end":{"line":31,"column":25}},"type":"if","locations":[{"start":{"line":31,"column":2},"end":{"line":31,"column":25}},{"start":{"line":31,"column":2},"end":{"line":31,"column":25}}],"line":31},"4":{"loc":{"start":{"line":32,"column":2},"end":{"line":32,"column":24}},"type":"if","locations":[{"start":{"line":32,"column":2},"end":{"line":32,"column":24}},{"start":{"line":32,"column":2},"end":{"line":32,"column":24}}],"line":32},"5":{"loc":{"start":{"line":34,"column":2},"end":{"line":40,"column":3}},"type":"if","locations":[{"start":{"line":34,"column":2},"end":{"line":40,"column":3}},{"start":{"line":34,"column":2},"end":{"line":40,"column":3}}],"line":34},"6":{"loc":{"start":{"line":52,"column":1},"end":{"line":82,"column":3}},"type":"if","locations":[{"start":{"line":52,"column":1},"end":{"line":82,"column":3}},{"start":{"line":52,"column":1},"end":{"line":82,"column":3}}],"line":52},"7":{"loc":{"start":{"line":54,"column":3},"end":{"line":65,"column":4}},"type":"if","locations":[{"start":{"line":54,"column":3},"end":{"line":65,"column":4}},{"start":{"line":54,"column":3},"end":{"line":65,"column":4}}],"line":54},"8":{"loc":{"start":{"line":70,"column":10},"end":{"line":79,"column":11}},"type":"if","locations":[{"start":{"line":70,"column":10},"end":{"line":79,"column":11}},{"start":{"line":70,"column":10},"end":{"line":79,"column":11}}],"line":70},"9":{"loc":{"start":{"line":72,"column":15},"end":{"line":77,"column":16}},"type":"if","locations":[{"start":{"line":72,"column":15},"end":{"line":77,"column":16}},{"start":{"line":72,"column":15},"end":{"line":77,"column":16}}],"line":72},"10":{"loc":{"start":{"line":89,"column":2},"end":{"line":92,"column":59}},"type":"if","locations":[{"start":{"line":89,"column":2},"end":{"line":92,"column":59}},{"start":{"line":89,"column":2},"end":{"line":92,"column":59}}],"line":89}},"s":{"0":4,"1":0,"2":0,"3":0,"4":0,"5":0,"6":0,"7":0,"8":0,"9":0,"10":0,"11":0,"12":0,"13":0,"14":0,"15":0,"16":4,"17":0,"18":0,"19":0,"20":0,"21":0,"22":0,"23":0,"24":0,"25":0,"26":0,"27":0,"28":0,"29":0,"30":0,"31":0,"32":0,"33":0,"34":4,"35":0,"36":0,"37":0,"38":0,"39":0,"40":0,"41":0,"42":0,"43":0,"44":0,"45":0,"46":0,"47":0,"48":0,"49":0,"50":0,"51":0,"52":0,"53":0,"54":0,"55":0,"56":0,"57":4,"58":3,"59":3,"60":3,"61":0,"62":3,"63":3},"f":{"0":0,"1":0,"2":0,"3":0,"4":0,"5":3},"b":{"0":[0,0],"1":[0,0],"2":[0,0],"3":[0,0],"4":[0,0],"5":[0,0],"6":[0,0],"7":[0,0],"8":[0,0],"9":[0,0],"10":[3,0]},"_coverageSchema":"1a1c01bbd47fc00a2c39e90264f33305004495a9","hash":"e85cf8f17ae45653c565ea6d9cbead93ee79dee3"}
,"/home/aasinka/учебка/2 курс/окр/lab_5/lab_5/src/views/formAndSend.js": {"path":"/home/aasinka/учебка/2 курс/окр/lab_5/lab_5/src/views/formAndSend.js","statementMap":{"0":{"start":{"line":6,"column":26},"end":{"line":83,"column":1}},"1":{"start":{"line":7,"column":1},"end":{"line":77,"column":14}},"2":{"start":{"line":15,"column":30},"end":{"line":15,"column":45}},"3":{"start":{"line":17,"column":13},"end":{"line":17,"column":30}},"4":{"start":{"line":18,"column":30},"end":{"line":18,"column":40}},"5":{"start":{"line":19,"column":16},"end":{"line":19,"column":76}},"6":{"start":{"line":20,"column":17},"end":{"line":20,"column":69}},"7":{"start":{"line":21,"column":17},"end":{"line":40,"column":19}},"8":{"start":{"line":21,"column":40},"end":{"line":30,"column":19}},"9":{"start":{"line":31,"column":22},"end":{"line":40,"column":19}},"10":{"start":{"line":41,"column":28},"end":{"line":41,"column":53}},"11":{"start":{"line":42,"column":34},"end":{"line":42,"column":36}},"12":{"start":{"line":43,"column":17},"end":{"line":43,"column":42}},"13":{"start":{"line":44,"column":30},"end":{"line":44,"column":63}},"14":{"start":{"line":46,"column":19},"end":{"line":72,"column":16}},"15":{"start":{"line":47,"column":5},"end":{"line":66,"column":5}},"16":{"start":{"line":48,"column":6},"end":{"line":65,"column":9}},"17":{"start":{"line":49,"column":8},"end":{"line":64,"column":13}},"18":{"start":{"line":49,"column":20},"end":{"line":49,"column":21}},"19":{"start":{"line":50,"column":18},"end":{"line":50,"column":25}},"20":{"start":{"line":51,"column":7},"end":{"line":63,"column":14}},"21":{"start":{"line":53,"column":19},"end":{"line":53,"column":37}},"22":{"start":{"line":54,"column":9},"end":{"line":56,"column":10}},"23":{"start":{"line":54,"column":21},"end":{"line":54,"column":22}},"24":{"start":{"line":55,"column":10},"end":{"line":55,"column":23}},"25":{"start":{"line":60,"column":20},"end":{"line":62,"column":21}},"26":{"start":{"line":60,"column":32},"end":{"line":60,"column":33}},"27":{"start":{"line":61,"column":21},"end":{"line":61,"column":126}},"28":{"start":{"line":61,"column":36},"end":{"line":61,"column":126}},"29":{"start":{"line":67,"column":5},"end":{"line":71,"column":20}},"30":{"start":{"line":67,"column":17},"end":{"line":67,"column":18}},"31":{"start":{"line":68,"column":20},"end":{"line":70,"column":21}},"32":{"start":{"line":79,"column":3},"end":{"line":79,"column":23}},"33":{"start":{"line":80,"column":2},"end":{"line":80,"column":19}},"34":{"start":{"line":86,"column":21},"end":{"line":160,"column":1}},"35":{"start":{"line":87,"column":1},"end":{"line":159,"column":1}},"36":{"start":{"line":88,"column":14},"end":{"line":88,"column":16}},"37":{"start":{"line":89,"column":14},"end":{"line":89,"column":39}},"38":{"start":{"line":90,"column":3},"end":{"line":92,"column":8}},"39":{"start":{"line":91,"column":6},"end":{"line":91,"column":53}},"40":{"start":{"line":93,"column":1},"end":{"line":158,"column":2}},"41":{"start":{"line":94,"column":2},"end":{"line":123,"column":3}},"42":{"start":{"line":97,"column":3},"end":{"line":97,"column":27}},"43":{"start":{"line":101,"column":13},"end":{"line":121,"column":4}},"44":{"start":{"line":122,"column":3},"end":{"line":122,"column":19}},"45":{"start":{"line":129,"column":2},"end":{"line":154,"column":3}},"46":{"start":{"line":134,"column":3},"end":{"line":134,"column":27}},"47":{"start":{"line":138,"column":13},"end":{"line":152,"column":4}},"48":{"start":{"line":153,"column":4},"end":{"line":153,"column":20}}},"fnMap":{"0":{"name":"(anonymous_0)","decl":{"start":{"line":6,"column":26},"end":{"line":6,"column":27}},"loc":{"start":{"line":6,"column":35},"end":{"line":83,"column":1}},"line":6},"1":{"name":"(anonymous_1)","decl":{"start":{"line":15,"column":18},"end":{"line":15,"column":19}},"loc":{"start":{"line":15,"column":30},"end":{"line":15,"column":45}},"line":15},"2":{"name":"(anonymous_2)","decl":{"start":{"line":16,"column":18},"end":{"line":16,"column":19}},"loc":{"start":{"line":16,"column":26},"end":{"line":77,"column":13}},"line":16},"3":{"name":"(anonymous_3)","decl":{"start":{"line":46,"column":38},"end":{"line":46,"column":39}},"loc":{"start":{"line":46,"column":49},"end":{"line":72,"column":15}},"line":46},"4":{"name":"(anonymous_4)","decl":{"start":{"line":86,"column":21},"end":{"line":86,"column":22}},"loc":{"start":{"line":86,"column":30},"end":{"line":160,"column":1}},"line":86}},"branchMap":{"0":{"loc":{"start":{"line":21,"column":17},"end":{"line":40,"column":19}},"type":"if","locations":[{"start":{"line":21,"column":17},"end":{"line":40,"column":19}},{"start":{"line":21,"column":17},"end":{"line":40,"column":19}}],"line":21},"1":{"loc":{"start":{"line":47,"column":5},"end":{"line":66,"column":5}},"type":"if","locations":[{"start":{"line":47,"column":5},"end":{"line":66,"column":5}},{"start":{"line":47,"column":5},"end":{"line":66,"column":5}}],"line":47},"2":{"loc":{"start":{"line":51,"column":7},"end":{"line":63,"column":14}},"type":"if","locations":[{"start":{"line":51,"column":7},"end":{"line":63,"column":14}},{"start":{"line":51,"column":7},"end":{"line":63,"column":14}}],"line":51},"3":{"loc":{"start":{"line":61,"column":21},"end":{"line":61,"column":126}},"type":"if","locations":[{"start":{"line":61,"column":21},"end":{"line":61,"column":126}},{"start":{"line":61,"column":21},"end":{"line":61,"column":126}}],"line":61},"4":{"loc":{"start":{"line":87,"column":1},"end":{"line":159,"column":1}},"type":"if","locations":[{"start":{"line":87,"column":1},"end":{"line":159,"column":1}},{"start":{"line":87,"column":1},"end":{"line":159,"column":1}}],"line":87},"5":{"loc":{"start":{"line":93,"column":1},"end":{"line":158,"column":2}},"type":"if","locations":[{"start":{"line":93,"column":1},"end":{"line":158,"column":2}},{"start":{"line":93,"column":1},"end":{"line":158,"column":2}}],"line":93},"6":{"loc":{"start":{"line":94,"column":2},"end":{"line":123,"column":3}},"type":"if","locations":[{"start":{"line":94,"column":2},"end":{"line":123,"column":3}},{"start":{"line":94,"column":2},"end":{"line":123,"column":3}}],"line":94},"7":{"loc":{"start":{"line":94,"column":5},"end":{"line":96,"column":67}},"type":"binary-expr","locations":[{"start":{"line":94,"column":5},"end":{"line":94,"column":35}},{"start":{"line":94,"column":39},"end":{"line":94,"column":70}},{"start":{"line":95,"column":2},"end":{"line":95,"column":32}},{"start":{"line":95,"column":36},"end":{"line":95,"column":67}},{"start":{"line":96,"column":2},"end":{"line":96,"column":33}},{"start":{"line":96,"column":37},"end":{"line":96,"column":67}}],"line":94},"8":{"loc":{"start":{"line":129,"column":2},"end":{"line":154,"column":3}},"type":"if","locations":[{"start":{"line":129,"column":2},"end":{"line":154,"column":3}},{"start":{"line":129,"column":2},"end":{"line":154,"column":3}}],"line":129},"9":{"loc":{"start":{"line":129,"column":5},"end":{"line":133,"column":40}},"type":"binary-expr","locations":[{"start":{"line":129,"column":5},"end":{"line":129,"column":35}},{"start":{"line":130,"column":3},"end":{"line":130,"column":34}},{"start":{"line":131,"column":2},"end":{"line":131,"column":32}},{"start":{"line":132,"column":2},"end":{"line":132,"column":40}},{"start":{"line":133,"column":2},"end":{"line":133,"column":40}}],"line":129}},"s":{"0":1,"1":0,"2":0,"3":0,"4":0,"5":0,"6":0,"7":0,"8":0,"9":0,"10":0,"11":0,"12":0,"13":0,"14":0,"15":0,"16":0,"17":0,"18":0,"19":0,"20":0,"21":0,"22":0,"23":0,"24":0,"25":0,"26":0,"27":0,"28":0,"29":0,"30":0,"31":0,"32":0,"33":0,"34":1,"35":0,"36":0,"37":0,"38":0,"39":0,"40":0,"41":0,"42":0,"43":0,"44":0,"45":0,"46":0,"47":0,"48":0},"f":{"0":0,"1":0,"2":0,"3":0,"4":0},"b":{"0":[0,0],"1":[0,0],"2":[0,0],"3":[0,0],"4":[0,0],"5":[0,0],"6":[0,0],"7":[0,0,0,0,0,0],"8":[0,0],"9":[0,0,0,0,0]},"_coverageSchema":"1a1c01bbd47fc00a2c39e90264f33305004495a9","hash":"b4e276577cd482355917ec95f67fb69f90fb7c1e"}
,"/home/aasinka/учебка/2 курс/окр/lab_5/lab_5/src/views/function.js": {"path":"/home/aasinka/учебка/2 курс/окр/lab_5/lab_5/src/views/function.js","statementMap":{"0":{"start":{"line":8,"column":11},"end":{"line":8,"column":47}},"1":{"start":{"line":9,"column":12},"end":{"line":9,"column":49}},"2":{"start":{"line":11,"column":8},"end":{"line":11,"column":9}},"3":{"start":{"line":13,"column":1},"end":{"line":22,"column":2}},"4":{"start":{"line":14,"column":2},"end":{"line":14,"column":8}},"5":{"start":{"line":15,"column":2},"end":{"line":15,"column":31}},"6":{"start":{"line":16,"column":2},"end":{"line":16,"column":42}},"7":{"start":{"line":19,"column":2},"end":{"line":19,"column":8}},"8":{"start":{"line":20,"column":2},"end":{"line":20,"column":30}},"9":{"start":{"line":21,"column":2},"end":{"line":21,"column":40}},"10":{"start":{"line":27,"column":1},"end":{"line":27,"column":12}},"11":{"start":{"line":28,"column":1},"end":{"line":31,"column":2}},"12":{"start":{"line":28,"column":14},"end":{"line":28,"column":15}},"13":{"start":{"line":29,"column":2},"end":{"line":29,"column":95}},"14":{"start":{"line":30,"column":2},"end":{"line":30,"column":63}},"15":{"start":{"line":32,"column":1},"end":{"line":32,"column":94}},"16":{"start":{"line":33,"column":1},"end":{"line":33,"column":58}},"17":{"start":{"line":36,"column":19},"end":{"line":41,"column":1}},"18":{"start":{"line":37,"column":1},"end":{"line":37,"column":54}},"19":{"start":{"line":38,"column":1},"end":{"line":38,"column":50}},"20":{"start":{"line":39,"column":1},"end":{"line":39,"column":88}},"21":{"start":{"line":40,"column":1},"end":{"line":40,"column":88}},"22":{"start":{"line":43,"column":17},"end":{"line":48,"column":1}},"23":{"start":{"line":44,"column":1},"end":{"line":44,"column":54}},"24":{"start":{"line":45,"column":1},"end":{"line":45,"column":50}},"25":{"start":{"line":46,"column":1},"end":{"line":46,"column":88}},"26":{"start":{"line":47,"column":1},"end":{"line":47,"column":88}},"27":{"start":{"line":50,"column":8},"end":{"line":50,"column":9}},"28":{"start":{"line":51,"column":17},"end":{"line":61,"column":1}},"29":{"start":{"line":52,"column":1},"end":{"line":52,"column":4}},"30":{"start":{"line":53,"column":1},"end":{"line":59,"column":2}},"31":{"start":{"line":54,"column":2},"end":{"line":54,"column":62}},"32":{"start":{"line":55,"column":2},"end":{"line":55,"column":61}},"33":{"start":{"line":57,"column":2},"end":{"line":57,"column":60}},"34":{"start":{"line":58,"column":2},"end":{"line":58,"column":58}}},"fnMap":{"0":{"name":"language","decl":{"start":{"line":12,"column":9},"end":{"line":12,"column":17}},"loc":{"start":{"line":12,"column":20},"end":{"line":23,"column":1}},"line":12},"1":{"name":"size","decl":{"start":{"line":26,"column":9},"end":{"line":26,"column":13}},"loc":{"start":{"line":26,"column":29},"end":{"line":34,"column":1}},"line":26},"2":{"name":"(anonymous_2)","decl":{"start":{"line":36,"column":19},"end":{"line":36,"column":20}},"loc":{"start":{"line":36,"column":24},"end":{"line":41,"column":1}},"line":36},"3":{"name":"(anonymous_3)","decl":{"start":{"line":43,"column":17},"end":{"line":43,"column":18}},"loc":{"start":{"line":43,"column":22},"end":{"line":48,"column":1}},"line":43},"4":{"name":"(anonymous_4)","decl":{"start":{"line":51,"column":17},"end":{"line":51,"column":18}},"loc":{"start":{"line":51,"column":22},"end":{"line":61,"column":1}},"line":51}},"branchMap":{"0":{"loc":{"start":{"line":13,"column":1},"end":{"line":22,"column":2}},"type":"if","locations":[{"start":{"line":13,"column":1},"end":{"line":22,"column":2}},{"start":{"line":13,"column":1},"end":{"line":22,"column":2}}],"line":13},"1":{"loc":{"start":{"line":53,"column":1},"end":{"line":59,"column":2}},"type":"if","locations":[{"start":{"line":53,"column":1},"end":{"line":59,"column":2}},{"start":{"line":53,"column":1},"end":{"line":59,"column":2}}],"line":53}},"s":{"0":1,"1":1,"2":1,"3":0,"4":0,"5":0,"6":0,"7":0,"8":0,"9":0,"10":0,"11":0,"12":0,"13":0,"14":0,"15":0,"16":0,"17":1,"18":0,"19":0,"20":0,"21":0,"22":1,"23":0,"24":0,"25":0,"26":0,"27":1,"28":1,"29":0,"30":0,"31":0,"32":0,"33":0,"34":0},"f":{"0":0,"1":0,"2":0,"3":0,"4":0},"b":{"0":[0,0],"1":[0,0]},"_coverageSchema":"1a1c01bbd47fc00a2c39e90264f33305004495a9","hash":"f9aec65e88f554965d1e55c232bb04c497461263"}
,"/home/aasinka/учебка/2 курс/окр/lab_5/lab_5/src/views/functionForOrder.js": {"path":"/home/aasinka/учебка/2 курс/окр/lab_5/lab_5/src/views/functionForOrder.js","statementMap":{"0":{"start":{"line":8,"column":34},"end":{"line":42,"column":1}},"1":{"start":{"line":9,"column":1},"end":{"line":41,"column":2}},"2":{"start":{"line":10,"column":13},"end":{"line":10,"column":38}},"3":{"start":{"line":11,"column":5},"end":{"line":20,"column":6}},"4":{"start":{"line":12,"column":6},"end":{"line":19,"column":7}},"5":{"start":{"line":13,"column":12},"end":{"line":13,"column":42}},"6":{"start":{"line":14,"column":4},"end":{"line":14,"column":33}},"7":{"start":{"line":15,"column":4},"end":{"line":15,"column":55}},"8":{"start":{"line":16,"column":4},"end":{"line":16,"column":16}},"9":{"start":{"line":17,"column":4},"end":{"line":17,"column":16}},"10":{"start":{"line":23,"column":13},"end":{"line":23,"column":38}},"11":{"start":{"line":24,"column":5},"end":{"line":40,"column":6}},"12":{"start":{"line":25,"column":6},"end":{"line":39,"column":7}},"13":{"start":{"line":26,"column":12},"end":{"line":26,"column":36}},"14":{"start":{"line":27,"column":4},"end":{"line":33,"column":5}},"15":{"start":{"line":27,"column":16},"end":{"line":27,"column":17}},"16":{"start":{"line":28,"column":5},"end":{"line":32,"column":6}},"17":{"start":{"line":29,"column":6},"end":{"line":29,"column":51}},"18":{"start":{"line":29,"column":24},"end":{"line":29,"column":51}},"19":{"start":{"line":30,"column":7},"end":{"line":30,"column":40}},"20":{"start":{"line":31,"column":7},"end":{"line":31,"column":13}},"21":{"start":{"line":34,"column":4},"end":{"line":34,"column":32}},"22":{"start":{"line":35,"column":4},"end":{"line":35,"column":55}},"23":{"start":{"line":36,"column":4},"end":{"line":36,"column":16}},"24":{"start":{"line":37,"column":4},"end":{"line":37,"column":16}},"25":{"start":{"line":45,"column":27},"end":{"line":68,"column":1}},"26":{"start":{"line":46,"column":12},"end":{"line":46,"column":37}},"27":{"start":{"line":47,"column":5},"end":{"line":66,"column":6}},"28":{"start":{"line":48,"column":6},"end":{"line":65,"column":7}},"29":{"start":{"line":49,"column":12},"end":{"line":49,"column":36}},"30":{"start":{"line":50,"column":4},"end":{"line":56,"column":5}},"31":{"start":{"line":50,"column":16},"end":{"line":50,"column":24}},"32":{"start":{"line":51,"column":5},"end":{"line":55,"column":6}},"33":{"start":{"line":52,"column":6},"end":{"line":52,"column":51}},"34":{"start":{"line":52,"column":24},"end":{"line":52,"column":51}},"35":{"start":{"line":53,"column":7},"end":{"line":53,"column":40}},"36":{"start":{"line":57,"column":4},"end":{"line":57,"column":32}},"37":{"start":{"line":58,"column":4},"end":{"line":58,"column":54}},"38":{"start":{"line":59,"column":4},"end":{"line":59,"column":16}},"39":{"start":{"line":60,"column":16},"end":{"line":60,"column":17}},"40":{"start":{"line":61,"column":15},"end":{"line":61,"column":16}},"41":{"start":{"line":62,"column":15},"end":{"line":62,"column":40}},"42":{"start":{"line":63,"column":4},"end":{"line":63,"column":16}}},"fnMap":{"0":{"name":"(anonymous_0)","decl":{"start":{"line":8,"column":34},"end":{"line":8,"column":35}},"loc":{"start":{"line":8,"column":53},"end":{"line":42,"column":1}},"line":8},"1":{"name":"(anonymous_1)","decl":{"start":{"line":45,"column":27},"end":{"line":45,"column":28}},"loc":{"start":{"line":45,"column":39},"end":{"line":68,"column":1}},"line":45}},"branchMap":{"0":{"loc":{"start":{"line":9,"column":1},"end":{"line":41,"column":2}},"type":"if","locations":[{"start":{"line":9,"column":1},"end":{"line":41,"column":2}},{"start":{"line":9,"column":1},"end":{"line":41,"column":2}}],"line":9},"1":{"loc":{"start":{"line":12,"column":6},"end":{"line":19,"column":7}},"type":"if","locations":[{"start":{"line":12,"column":6},"end":{"line":19,"column":7}},{"start":{"line":12,"column":6},"end":{"line":19,"column":7}}],"line":12},"2":{"loc":{"start":{"line":25,"column":6},"end":{"line":39,"column":7}},"type":"if","locations":[{"start":{"line":25,"column":6},"end":{"line":39,"column":7}},{"start":{"line":25,"column":6},"end":{"line":39,"column":7}}],"line":25},"3":{"loc":{"start":{"line":28,"column":5},"end":{"line":32,"column":6}},"type":"if","locations":[{"start":{"line":28,"column":5},"end":{"line":32,"column":6}},{"start":{"line":28,"column":5},"end":{"line":32,"column":6}}],"line":28},"4":{"loc":{"start":{"line":29,"column":6},"end":{"line":29,"column":51}},"type":"if","locations":[{"start":{"line":29,"column":6},"end":{"line":29,"column":51}},{"start":{"line":29,"column":6},"end":{"line":29,"column":51}}],"line":29},"5":{"loc":{"start":{"line":48,"column":6},"end":{"line":65,"column":7}},"type":"if","locations":[{"start":{"line":48,"column":6},"end":{"line":65,"column":7}},{"start":{"line":48,"column":6},"end":{"line":65,"column":7}}],"line":48},"6":{"loc":{"start":{"line":51,"column":5},"end":{"line":55,"column":6}},"type":"if","locations":[{"start":{"line":51,"column":5},"end":{"line":55,"column":6}},{"start":{"line":51,"column":5},"end":{"line":55,"column":6}}],"line":51},"7":{"loc":{"start":{"line":52,"column":6},"end":{"line":52,"column":51}},"type":"if","locations":[{"start":{"line":52,"column":6},"end":{"line":52,"column":51}},{"start":{"line":52,"column":6},"end":{"line":52,"column":51}}],"line":52}},"s":{"0":1,"1":0,"2":0,"3":0,"4":0,"5":0,"6":0,"7":0,"8":0,"9":0,"10":0,"11":0,"12":0,"13":0,"14":0,"15":0,"16":0,"17":0,"18":0,"19":0,"20":0,"21":0,"22":0,"23":0,"24":0,"25":1,"26":0,"27":0,"28":0,"29":0,"30":0,"31":0,"32":0,"33":0,"34":0,"35":0,"36":0,"37":0,"38":0,"39":0,"40":0,"41":0,"42":0},"f":{"0":0,"1":0},"b":{"0":[0,0],"1":[0,0],"2":[0,0],"3":[0,0],"4":[0,0],"5":[0,0],"6":[0,0],"7":[0,0]},"_coverageSchema":"1a1c01bbd47fc00a2c39e90264f33305004495a9","hash":"f02c2c6514171b9e1db07cc7857e3b0c8d9a0637"}
,"/home/aasinka/учебка/2 курс/окр/lab_5/lab_5/src/views/home.js": {"path":"/home/aasinka/учебка/2 курс/окр/lab_5/lab_5/src/views/home.js","statementMap":{"0":{"start":{"line":6,"column":33},"end":{"line":91,"column":1}},"1":{"start":{"line":7,"column":4},"end":{"line":90,"column":6}},"2":{"start":{"line":8,"column":8},"end":{"line":89,"column":9}},"3":{"start":{"line":9,"column":12},"end":{"line":88,"column":13}},"4":{"start":{"line":10,"column":16},"end":{"line":15,"column":17}},"5":{"start":{"line":17,"column":17},"end":{"line":86,"column":9}},"6":{"start":{"line":18,"column":10},"end":{"line":84,"column":11}},"7":{"start":{"line":19,"column":11},"end":{"line":82,"column":15}},"8":{"start":{"line":21,"column":15},"end":{"line":70,"column":16}},"9":{"start":{"line":26,"column":18},"end":{"line":48,"column":20}},"10":{"start":{"line":51,"column":31},"end":{"line":51,"column":33}},"11":{"start":{"line":52,"column":20},"end":{"line":68,"column":14}},"12":{"start":{"line":53,"column":11},"end":{"line":67,"column":13}},"13":{"start":{"line":54,"column":16},"end":{"line":65,"column":16}},"14":{"start":{"line":55,"column":10},"end":{"line":63,"column":11}},"15":{"start":{"line":55,"column":22},"end":{"line":55,"column":23}},"16":{"start":{"line":56,"column":11},"end":{"line":60,"column":12}},"17":{"start":{"line":57,"column":12},"end":{"line":58,"column":54}},"18":{"start":{"line":57,"column":34},"end":{"line":57,"column":76}},"19":{"start":{"line":58,"column":26},"end":{"line":58,"column":54}},"20":{"start":{"line":61,"column":19},"end":{"line":61,"column":43}},"21":{"start":{"line":62,"column":14},"end":{"line":62,"column":62}},"22":{"start":{"line":71,"column":15},"end":{"line":81,"column":16}},"23":{"start":{"line":72,"column":24},"end":{"line":72,"column":59}},"24":{"start":{"line":73,"column":31},"end":{"line":73,"column":54}},"25":{"start":{"line":75,"column":37},"end":{"line":77,"column":20}},"26":{"start":{"line":76,"column":20},"end":{"line":76,"column":57}},"27":{"start":{"line":78,"column":19},"end":{"line":78,"column":71}}},"fnMap":{"0":{"name":"(anonymous_0)","decl":{"start":{"line":6,"column":33},"end":{"line":6,"column":34}},"loc":{"start":{"line":6,"column":38},"end":{"line":91,"column":1}},"line":6},"1":{"name":"(anonymous_1)","decl":{"start":{"line":7,"column":26},"end":{"line":7,"column":27}},"loc":{"start":{"line":7,"column":40},"end":{"line":90,"column":5}},"line":7},"2":{"name":"(anonymous_2)","decl":{"start":{"line":17,"column":36},"end":{"line":17,"column":37}},"loc":{"start":{"line":17,"column":47},"end":{"line":86,"column":8}},"line":17},"3":{"name":"(anonymous_3)","decl":{"start":{"line":52,"column":45},"end":{"line":52,"column":46}},"loc":{"start":{"line":52,"column":57},"end":{"line":68,"column":13}},"line":52},"4":{"name":"(anonymous_4)","decl":{"start":{"line":75,"column":37},"end":{"line":75,"column":38}},"loc":{"start":{"line":75,"column":42},"end":{"line":77,"column":20}},"line":75}},"branchMap":{"0":{"loc":{"start":{"line":8,"column":8},"end":{"line":89,"column":9}},"type":"if","locations":[{"start":{"line":8,"column":8},"end":{"line":89,"column":9}},{"start":{"line":8,"column":8},"end":{"line":89,"column":9}}],"line":8},"1":{"loc":{"start":{"line":18,"column":10},"end":{"line":84,"column":11}},"type":"if","locations":[{"start":{"line":18,"column":10},"end":{"line":84,"column":11}},{"start":{"line":18,"column":10},"end":{"line":84,"column":11}}],"line":18},"2":{"loc":{"start":{"line":21,"column":15},"end":{"line":70,"column":16}},"type":"if","locations":[{"start":{"line":21,"column":15},"end":{"line":70,"column":16}},{"start":{"line":21,"column":15},"end":{"line":70,"column":16}}],"line":21},"3":{"loc":{"start":{"line":53,"column":11},"end":{"line":67,"column":13}},"type":"if","locations":[{"start":{"line":53,"column":11},"end":{"line":67,"column":13}},{"start":{"line":53,"column":11},"end":{"line":67,"column":13}}],"line":53},"4":{"loc":{"start":{"line":56,"column":11},"end":{"line":60,"column":12}},"type":"if","locations":[{"start":{"line":56,"column":11},"end":{"line":60,"column":12}},{"start":{"line":56,"column":11},"end":{"line":60,"column":12}}],"line":56},"5":{"loc":{"start":{"line":57,"column":12},"end":{"line":58,"column":54}},"type":"if","locations":[{"start":{"line":57,"column":12},"end":{"line":58,"column":54}},{"start":{"line":57,"column":12},"end":{"line":58,"column":54}}],"line":57},"6":{"loc":{"start":{"line":71,"column":15},"end":{"line":81,"column":16}},"type":"if","locations":[{"start":{"line":71,"column":15},"end":{"line":81,"column":16}},{"start":{"line":71,"column":15},"end":{"line":81,"column":16}}],"line":71}},"s":{"0":2,"1":1,"2":0,"3":0,"4":0,"5":0,"6":0,"7":0,"8":0,"9":0,"10":0,"11":0,"12":0,"13":0,"14":0,"15":0,"16":0,"17":0,"18":0,"19":0,"20":0,"21":0,"22":0,"23":0,"24":0,"25":0,"26":0,"27":0},"f":{"0":1,"1":0,"2":0,"3":0,"4":0},"b":{"0":[0,0],"1":[0,0],"2":[0,0],"3":[0,0],"4":[0,0],"5":[0,0],"6":[0,0]},"_coverageSchema":"1a1c01bbd47fc00a2c39e90264f33305004495a9","hash":"8ab966a12ca73cf3b1a3b1f46e11d1ec1f032a88"}
,"/home/aasinka/учебка/2 курс/окр/lab_5/lab_5/src/views/oneAction.js": {"path":"/home/aasinka/учебка/2 курс/окр/lab_5/lab_5/src/views/oneAction.js","statementMap":{"0":{"start":{"line":4,"column":29},"end":{"line":33,"column":1}},"1":{"start":{"line":5,"column":1},"end":{"line":32,"column":3}},"2":{"start":{"line":6,"column":2},"end":{"line":31,"column":3}},"3":{"start":{"line":7,"column":6},"end":{"line":27,"column":7}},"4":{"start":{"line":8,"column":7},"end":{"line":26,"column":7}},"5":{"start":{"line":9,"column":7},"end":{"line":25,"column":9}},"6":{"start":{"line":28,"column":7},"end":{"line":29,"column":40}}},"fnMap":{"0":{"name":"(anonymous_0)","decl":{"start":{"line":4,"column":29},"end":{"line":4,"column":30}},"loc":{"start":{"line":4,"column":36},"end":{"line":33,"column":1}},"line":4},"1":{"name":"(anonymous_1)","decl":{"start":{"line":5,"column":21},"end":{"line":5,"column":22}},"loc":{"start":{"line":5,"column":33},"end":{"line":32,"column":2}},"line":5}},"branchMap":{"0":{"loc":{"start":{"line":6,"column":2},"end":{"line":31,"column":3}},"type":"if","locations":[{"start":{"line":6,"column":2},"end":{"line":31,"column":3}},{"start":{"line":6,"column":2},"end":{"line":31,"column":3}}],"line":6},"1":{"loc":{"start":{"line":8,"column":7},"end":{"line":26,"column":7}},"type":"if","locations":[{"start":{"line":8,"column":7},"end":{"line":26,"column":7}},{"start":{"line":8,"column":7},"end":{"line":26,"column":7}}],"line":8}},"s":{"0":1,"1":0,"2":0,"3":0,"4":0,"5":0,"6":0},"f":{"0":0,"1":0},"b":{"0":[0,0],"1":[0,0]},"_coverageSchema":"1a1c01bbd47fc00a2c39e90264f33305004495a9","hash":"eb1efe5429167107853d752787fda664780997fc"}
,"/home/aasinka/учебка/2 курс/окр/lab_5/lab_5/src/views/oneProduct.js": {"path":"/home/aasinka/учебка/2 курс/окр/lab_5/lab_5/src/views/oneProduct.js","statementMap":{"0":{"start":{"line":4,"column":30},"end":{"line":75,"column":1}},"1":{"start":{"line":6,"column":2},"end":{"line":73,"column":3}},"2":{"start":{"line":7,"column":8},"end":{"line":72,"column":9}},"3":{"start":{"line":8,"column":12},"end":{"line":71,"column":9}},"4":{"start":{"line":9,"column":13},"end":{"line":70,"column":13}},"5":{"start":{"line":10,"column":14},"end":{"line":10,"column":27}},"6":{"start":{"line":11,"column":14},"end":{"line":33,"column":6}},"7":{"start":{"line":34,"column":17},"end":{"line":34,"column":42}},"8":{"start":{"line":35,"column":26},"end":{"line":37,"column":6}},"9":{"start":{"line":36,"column":6},"end":{"line":36,"column":42}},"10":{"start":{"line":38,"column":5},"end":{"line":38,"column":76}},"11":{"start":{"line":40,"column":6},"end":{"line":55,"column":7}},"12":{"start":{"line":41,"column":9},"end":{"line":54,"column":7}},"13":{"start":{"line":42,"column":14},"end":{"line":53,"column":8}},"14":{"start":{"line":43,"column":8},"end":{"line":52,"column":9}},"15":{"start":{"line":43,"column":20},"end":{"line":43,"column":21}},"16":{"start":{"line":44,"column":9},"end":{"line":51,"column":10}},"17":{"start":{"line":45,"column":10},"end":{"line":50,"column":10}},"18":{"start":{"line":56,"column":6},"end":{"line":69,"column":12}},"19":{"start":{"line":57,"column":10},"end":{"line":68,"column":11}},"20":{"start":{"line":58,"column":14},"end":{"line":67,"column":15}},"21":{"start":{"line":59,"column":15},"end":{"line":66,"column":16}},"22":{"start":{"line":60,"column":16},"end":{"line":65,"column":17}}},"fnMap":{"0":{"name":"(anonymous_0)","decl":{"start":{"line":4,"column":30},"end":{"line":4,"column":31}},"loc":{"start":{"line":4,"column":37},"end":{"line":75,"column":1}},"line":4},"1":{"name":"(anonymous_1)","decl":{"start":{"line":6,"column":21},"end":{"line":6,"column":22}},"loc":{"start":{"line":6,"column":32},"end":{"line":73,"column":2}},"line":6},"2":{"name":"(anonymous_2)","decl":{"start":{"line":35,"column":26},"end":{"line":35,"column":27}},"loc":{"start":{"line":35,"column":31},"end":{"line":37,"column":6}},"line":35},"3":{"name":"(anonymous_3)","decl":{"start":{"line":40,"column":31},"end":{"line":40,"column":32}},"loc":{"start":{"line":40,"column":43},"end":{"line":55,"column":6}},"line":40},"4":{"name":"(anonymous_4)","decl":{"start":{"line":56,"column":25},"end":{"line":56,"column":26}},"loc":{"start":{"line":56,"column":36},"end":{"line":69,"column":11}},"line":56}},"branchMap":{"0":{"loc":{"start":{"line":7,"column":8},"end":{"line":72,"column":9}},"type":"if","locations":[{"start":{"line":7,"column":8},"end":{"line":72,"column":9}},{"start":{"line":7,"column":8},"end":{"line":72,"column":9}}],"line":7},"1":{"loc":{"start":{"line":9,"column":13},"end":{"line":70,"column":13}},"type":"if","locations":[{"start":{"line":9,"column":13},"end":{"line":70,"column":13}},{"start":{"line":9,"column":13},"end":{"line":70,"column":13}}],"line":9},"2":{"loc":{"start":{"line":41,"column":9},"end":{"line":54,"column":7}},"type":"if","locations":[{"start":{"line":41,"column":9},"end":{"line":54,"column":7}},{"start":{"line":41,"column":9},"end":{"line":54,"column":7}}],"line":41},"3":{"loc":{"start":{"line":44,"column":9},"end":{"line":51,"column":10}},"type":"if","locations":[{"start":{"line":44,"column":9},"end":{"line":51,"column":10}},{"start":{"line":44,"column":9},"end":{"line":51,"column":10}}],"line":44},"4":{"loc":{"start":{"line":57,"column":10},"end":{"line":68,"column":11}},"type":"if","locations":[{"start":{"line":57,"column":10},"end":{"line":68,"column":11}},{"start":{"line":57,"column":10},"end":{"line":68,"column":11}}],"line":57},"5":{"loc":{"start":{"line":59,"column":15},"end":{"line":66,"column":16}},"type":"if","locations":[{"start":{"line":59,"column":15},"end":{"line":66,"column":16}},{"start":{"line":59,"column":15},"end":{"line":66,"column":16}}],"line":59},"6":{"loc":{"start":{"line":59,"column":18},"end":{"line":59,"column":88}},"type":"binary-expr","locations":[{"start":{"line":59,"column":18},"end":{"line":59,"column":38}},{"start":{"line":59,"column":42},"end":{"line":59,"column":88}}],"line":59}},"s":{"0":1,"1":0,"2":0,"3":0,"4":0,"5":0,"6":0,"7":0,"8":0,"9":0,"10":0,"11":0,"12":0,"13":0,"14":0,"15":0,"16":0,"17":0,"18":0,"19":0,"20":0,"21":0,"22":0},"f":{"0":0,"1":0,"2":0,"3":0,"4":0},"b":{"0":[0,0],"1":[0,0],"2":[0,0],"3":[0,0],"4":[0,0],"5":[0,0],"6":[0,0]},"_coverageSchema":"1a1c01bbd47fc00a2c39e90264f33305004495a9","hash":"998e53d96a58283e302b428e8c1b2b8c9618867b"}
,"/home/aasinka/учебка/2 курс/окр/lab_5/lab_5/src/views/order.js": {"path":"/home/aasinka/учебка/2 курс/окр/lab_5/lab_5/src/views/order.js","statementMap":{"0":{"start":{"line":7,"column":25},"end":{"line":124,"column":1}},"1":{"start":{"line":10,"column":1},"end":{"line":97,"column":8}},"2":{"start":{"line":98,"column":15},"end":{"line":98,"column":17}},"3":{"start":{"line":99,"column":12},"end":{"line":99,"column":37}},"4":{"start":{"line":100,"column":3},"end":{"line":122,"column":4}},"5":{"start":{"line":101,"column":2},"end":{"line":116,"column":3}},"6":{"start":{"line":102,"column":6},"end":{"line":114,"column":4}},"7":{"start":{"line":103,"column":7},"end":{"line":113,"column":5}},"8":{"start":{"line":104,"column":8},"end":{"line":112,"column":6}},"9":{"start":{"line":105,"column":21},"end":{"line":105,"column":28}},"10":{"start":{"line":106,"column":17},"end":{"line":106,"column":42}},"11":{"start":{"line":108,"column":8},"end":{"line":110,"column":9}},"12":{"start":{"line":108,"column":20},"end":{"line":108,"column":21}},"13":{"start":{"line":109,"column":9},"end":{"line":109,"column":23}},"14":{"start":{"line":111,"column":8},"end":{"line":111,"column":45}},"15":{"start":{"line":115,"column":2},"end":{"line":115,"column":25}},"16":{"start":{"line":118,"column":3},"end":{"line":118,"column":78}},"17":{"start":{"line":119,"column":3},"end":{"line":119,"column":78}},"18":{"start":{"line":120,"column":3},"end":{"line":120,"column":60}},"19":{"start":{"line":121,"column":3},"end":{"line":121,"column":62}},"20":{"start":{"line":127,"column":24},"end":{"line":129,"column":1}},"21":{"start":{"line":128,"column":1},"end":{"line":128,"column":9}},"22":{"start":{"line":131,"column":24},"end":{"line":133,"column":1}},"23":{"start":{"line":132,"column":1},"end":{"line":132,"column":9}}},"fnMap":{"0":{"name":"(anonymous_0)","decl":{"start":{"line":7,"column":25},"end":{"line":7,"column":26}},"loc":{"start":{"line":7,"column":30},"end":{"line":124,"column":1}},"line":7},"1":{"name":"(anonymous_1)","decl":{"start":{"line":100,"column":22},"end":{"line":100,"column":23}},"loc":{"start":{"line":100,"column":33},"end":{"line":117,"column":3}},"line":100},"2":{"name":"(anonymous_2)","decl":{"start":{"line":117,"column":10},"end":{"line":117,"column":11}},"loc":{"start":{"line":117,"column":14},"end":{"line":122,"column":3}},"line":117},"3":{"name":"(anonymous_3)","decl":{"start":{"line":127,"column":24},"end":{"line":127,"column":25}},"loc":{"start":{"line":127,"column":29},"end":{"line":129,"column":1}},"line":127},"4":{"name":"(anonymous_4)","decl":{"start":{"line":131,"column":24},"end":{"line":131,"column":25}},"loc":{"start":{"line":131,"column":29},"end":{"line":133,"column":1}},"line":131}},"branchMap":{"0":{"loc":{"start":{"line":101,"column":2},"end":{"line":116,"column":3}},"type":"if","locations":[{"start":{"line":101,"column":2},"end":{"line":116,"column":3}},{"start":{"line":101,"column":2},"end":{"line":116,"column":3}}],"line":101},"1":{"loc":{"start":{"line":104,"column":8},"end":{"line":112,"column":6}},"type":"if","locations":[{"start":{"line":104,"column":8},"end":{"line":112,"column":6}},{"start":{"line":104,"column":8},"end":{"line":112,"column":6}}],"line":104}},"s":{"0":1,"1":1,"2":1,"3":1,"4":1,"5":0,"6":0,"7":0,"8":0,"9":0,"10":0,"11":0,"12":0,"13":0,"14":0,"15":0,"16":0,"17":0,"18":0,"19":0,"20":1,"21":0,"22":1,"23":0},"f":{"0":1,"1":0,"2":0,"3":0,"4":0},"b":{"0":[0,0],"1":[0,0]},"_coverageSchema":"1a1c01bbd47fc00a2c39e90264f33305004495a9","hash":"47551b9b22edce4f60695cb09cba55a86bab122f"}
,"/home/aasinka/учебка/2 курс/окр/lab_5/lab_5/src/views/orderList.js": {"path":"/home/aasinka/учебка/2 курс/окр/lab_5/lab_5/src/views/orderList.js","statementMap":{"0":{"start":{"line":4,"column":29},"end":{"line":57,"column":1}},"1":{"start":{"line":5,"column":1},"end":{"line":5,"column":46}},"2":{"start":{"line":6,"column":12},"end":{"line":6,"column":13}},"3":{"start":{"line":7,"column":13},"end":{"line":7,"column":46}},"4":{"start":{"line":8,"column":2},"end":{"line":8,"column":28}},"5":{"start":{"line":9,"column":1},"end":{"line":56,"column":3}},"6":{"start":{"line":10,"column":2},"end":{"line":50,"column":3}},"7":{"start":{"line":12,"column":6},"end":{"line":49,"column":4}},"8":{"start":{"line":14,"column":7},"end":{"line":48,"column":8}},"9":{"start":{"line":14,"column":19},"end":{"line":14,"column":20}},"10":{"start":{"line":15,"column":8},"end":{"line":47,"column":9}},"11":{"start":{"line":16,"column":9},"end":{"line":46,"column":10}},"12":{"start":{"line":16,"column":21},"end":{"line":16,"column":22}},"13":{"start":{"line":17,"column":10},"end":{"line":45,"column":11}},"14":{"start":{"line":19,"column":11},"end":{"line":19,"column":60}},"15":{"start":{"line":20,"column":11},"end":{"line":43,"column":12}},"16":{"start":{"line":51,"column":2},"end":{"line":51,"column":32}},"17":{"start":{"line":52,"column":10},"end":{"line":52,"column":20}},"18":{"start":{"line":53,"column":2},"end":{"line":53,"column":54}},"19":{"start":{"line":55,"column":2},"end":{"line":55,"column":23}},"20":{"start":{"line":60,"column":26},"end":{"line":94,"column":1}},"21":{"start":{"line":61,"column":12},"end":{"line":61,"column":13}},"22":{"start":{"line":62,"column":1},"end":{"line":93,"column":3}},"23":{"start":{"line":63,"column":13},"end":{"line":63,"column":46}},"24":{"start":{"line":64,"column":2},"end":{"line":91,"column":3}},"25":{"start":{"line":65,"column":6},"end":{"line":90,"column":4}},"26":{"start":{"line":66,"column":7},"end":{"line":89,"column":8}},"27":{"start":{"line":66,"column":19},"end":{"line":66,"column":20}},"28":{"start":{"line":67,"column":8},"end":{"line":88,"column":9}},"29":{"start":{"line":68,"column":9},"end":{"line":87,"column":10}},"30":{"start":{"line":68,"column":21},"end":{"line":68,"column":22}},"31":{"start":{"line":69,"column":10},"end":{"line":86,"column":11}},"32":{"start":{"line":71,"column":41},"end":{"line":73,"column":12}},"33":{"start":{"line":72,"column":12},"end":{"line":72,"column":56}},"34":{"start":{"line":74,"column":42},"end":{"line":76,"column":12}},"35":{"start":{"line":75,"column":12},"end":{"line":75,"column":57}},"36":{"start":{"line":77,"column":40},"end":{"line":79,"column":12}},"37":{"start":{"line":78,"column":12},"end":{"line":78,"column":42}},"38":{"start":{"line":80,"column":20},"end":{"line":80,"column":50}},"39":{"start":{"line":81,"column":21},"end":{"line":81,"column":50}},"40":{"start":{"line":82,"column":21},"end":{"line":82,"column":49}},"41":{"start":{"line":83,"column":11},"end":{"line":83,"column":72}},"42":{"start":{"line":84,"column":11},"end":{"line":84,"column":74}},"43":{"start":{"line":85,"column":11},"end":{"line":85,"column":73}}},"fnMap":{"0":{"name":"(anonymous_0)","decl":{"start":{"line":4,"column":29},"end":{"line":4,"column":30}},"loc":{"start":{"line":4,"column":40},"end":{"line":57,"column":1}},"line":4},"1":{"name":"(anonymous_1)","decl":{"start":{"line":9,"column":20},"end":{"line":9,"column":21}},"loc":{"start":{"line":9,"column":31},"end":{"line":54,"column":2}},"line":9},"2":{"name":"(anonymous_2)","decl":{"start":{"line":54,"column":9},"end":{"line":54,"column":10}},"loc":{"start":{"line":54,"column":13},"end":{"line":56,"column":2}},"line":54},"3":{"name":"(anonymous_3)","decl":{"start":{"line":60,"column":26},"end":{"line":60,"column":27}},"loc":{"start":{"line":60,"column":38},"end":{"line":94,"column":1}},"line":60},"4":{"name":"(anonymous_4)","decl":{"start":{"line":62,"column":20},"end":{"line":62,"column":21}},"loc":{"start":{"line":62,"column":31},"end":{"line":93,"column":2}},"line":62},"5":{"name":"(anonymous_5)","decl":{"start":{"line":71,"column":41},"end":{"line":71,"column":42}},"loc":{"start":{"line":71,"column":47},"end":{"line":73,"column":12}},"line":71},"6":{"name":"(anonymous_6)","decl":{"start":{"line":74,"column":42},"end":{"line":74,"column":43}},"loc":{"start":{"line":74,"column":48},"end":{"line":76,"column":12}},"line":74},"7":{"name":"(anonymous_7)","decl":{"start":{"line":77,"column":40},"end":{"line":77,"column":41}},"loc":{"start":{"line":77,"column":45},"end":{"line":79,"column":12}},"line":77}},"branchMap":{"0":{"loc":{"start":{"line":10,"column":2},"end":{"line":50,"column":3}},"type":"if","locations":[{"start":{"line":10,"column":2},"end":{"line":50,"column":3}},{"start":{"line":10,"column":2},"end":{"line":50,"column":3}}],"line":10},"1":{"loc":{"start":{"line":15,"column":8},"end":{"line":47,"column":9}},"type":"if","locations":[{"start":{"line":15,"column":8},"end":{"line":47,"column":9}},{"start":{"line":15,"column":8},"end":{"line":47,"column":9}}],"line":15},"2":{"loc":{"start":{"line":17,"column":10},"end":{"line":45,"column":11}},"type":"if","locations":[{"start":{"line":17,"column":10},"end":{"line":45,"column":11}},{"start":{"line":17,"column":10},"end":{"line":45,"column":11}}],"line":17},"3":{"loc":{"start":{"line":64,"column":2},"end":{"line":91,"column":3}},"type":"if","locations":[{"start":{"line":64,"column":2},"end":{"line":91,"column":3}},{"start":{"line":64,"column":2},"end":{"line":91,"column":3}}],"line":64},"4":{"loc":{"start":{"line":67,"column":8},"end":{"line":88,"column":9}},"type":"if","locations":[{"start":{"line":67,"column":8},"end":{"line":88,"column":9}},{"start":{"line":67,"column":8},"end":{"line":88,"column":9}}],"line":67},"5":{"loc":{"start":{"line":69,"column":10},"end":{"line":86,"column":11}},"type":"if","locations":[{"start":{"line":69,"column":10},"end":{"line":86,"column":11}},{"start":{"line":69,"column":10},"end":{"line":86,"column":11}}],"line":69}},"s":{"0":1,"1":0,"2":0,"3":0,"4":0,"5":0,"6":0,"7":0,"8":0,"9":0,"10":0,"11":0,"12":0,"13":0,"14":0,"15":0,"16":0,"17":0,"18":0,"19":0,"20":1,"21":0,"22":0,"23":0,"24":0,"25":0,"26":0,"27":0,"28":0,"29":0,"30":0,"31":0,"32":0,"33":0,"34":0,"35":0,"36":0,"37":0,"38":0,"39":0,"40":0,"41":0,"42":0,"43":0},"f":{"0":0,"1":0,"2":0,"3":0,"4":0,"5":0,"6":0,"7":0},"b":{"0":[0,0],"1":[0,0],"2":[0,0],"3":[0,0],"4":[0,0],"5":[0,0]},"_coverageSchema":"1a1c01bbd47fc00a2c39e90264f33305004495a9","hash":"76dee119d48f9de004a30d4006fc4a36b3348d4e"}
}
